Frontend-Node:  =======================================================================
                FPBA has been activated in order to calculate connectivity information.
                =======================================================================

>>>>>>>>>>>>>>>>>>>>>>>>>>>>>>>>
2026 Apr 20 (Mon):  10:09:20
started: parallelization control
>>>>>>>>>>>>>>>>>>>>>>>>>>>>>>>>

===========================================================
 - pinning rule in use   : PINNING_RULE_MCALC_SKIP_ALL
 - desired group         : 0, sockets = 0
 - num cores available   : 20
 - num accessible procs          : 20
 - num logical procs             : 20
 - affinity (main thread)        : 11111111111111111111
 - sockets                       : 0
 - potential cores               : 0,2,4,6,8,10,12,14,16,18
 - affinity                      : 10101010101010101010
 - core list                  (3): 0,2,4,6,8,10,12,14,16,18
 - active cores          : 0,2,4,6,8,10,12,14,16,18
 - hyperthreading        : on
 - allowed core ids      : 0,2,4,6,8,10,12,14,16,18
 - allowed core ids (aff): 1010101010 1010101010 
 - used mask (string)    : 1010101010 1010101010 
===========================================================

=========================================================================
Version: 2022.4 Release from 2022-04-26 (change 967892) [Release]
Workflow: QQ-Facets
Operation: [acis, fpba, bg]
Architecture: Windows, ID: AMD64
System Windows-64bit
Using processor group 0/1
HEX Mesh information:
Hex mesh: global: [hxr o(0 | 0 | 0) s(27 | 27 | 56) np (no TSTs): 40824] 
=========================================================================

>>>>>>>>>>>>>>>>>>>>>>>>>>>>>
2026 Apr 20 (Mon):  10:09:20
started: processing CAD model
>>>>>>>>>>>>>>>>>>>>>>>>>>>>>

========================================================================
Processing CAD model (for field results)
	[Improved internal geometry representation]
	[Accuracy improvement for long shapes in inhomogeneous mesh regions]
Version 2022.4 (build 20220426)
PBA version 2022042622
Sub-Workflow: Facets-QQ-GEX
Workflow updated: -
2026 Apr 20 (Mon):  10:09:20
========================================================================

===========================================
Finished CAD processing (for field results)
===========================================

<<<<<<<<<<<<<<<<<<<<<<<<<<<<<<<<<<<<<<<<<<
2026 Apr 20 (Mon):  10:09:20
Resource usage for processing CAD model:
	Runtime                 00:00:00.00023
	Peak Memory Usage:               23 MB
<<<<<<<<<<<<<<<<<<<<<<<<<<<<<<<<<<<<<<<<<<

>>>>>>>>>>>>>>>>>>>>>>>>>>>>>
2026 Apr 20 (Mon):  10:09:20
started: processing CAD model
>>>>>>>>>>>>>>>>>>>>>>>>>>>>>

========================================================================
Processing CAD model
	[Improved internal geometry representation]
	[Accuracy improvement for long shapes in inhomogeneous mesh regions]
Version 2022.4 (build 20220426)
PBA version 2022042622
Sub-Workflow: Facets-QQ-GEX
Workflow updated: -
2026 Apr 20 (Mon):  10:09:20
========================================================================

----------------------------------------------
Used point accuracy enhancement value: 75.00%.
----------------------------------------------

=============================================================================
Mesh statistics:
-----------------------------------------------------------------------------
Minimum edge length (x): 0.25 @ mesh line 11 (x)
Maximum edge length (x): 3.51 @ mesh line 23 (x)
Minimum face area (x): 0.0575 @ mesh lines 11 | 27 (y | z)
Maximum face area (x): 12.4 @ mesh lines 23 | 51 (y | z)
Minimum edge length (y): 0.25 @ mesh line 11 (y)
Maximum edge length (y): 3.51 @ mesh line 23 (y)
Minimum face area (y): 0.0575 @ mesh lines 27 | 11 (z | x)
Maximum face area (y): 12.4 @ mesh lines 51 | 23 (z | x)
Minimum edge length (z): 0.23 @ mesh line 27 (z)
Maximum edge length (z): 3.52 @ mesh line 51 (z)
Minimum face area (z): 0.0625 @ mesh lines 11 | 11 (x | y)
Maximum face area (z): 12.3 @ mesh lines 23 | 23 (x | y)
Maximum mesh face aspect ratio (x): 15.3 : 1.0  @ mesh lines 23 | 27 (y | z)
Maximum mesh face aspect ratio (y): 15.3 : 1.0  @ mesh lines 27 | 23 (z | x)
Maximum mesh face aspect ratio (z): 14 : 1.0  @ mesh lines 23 | 11 (x | y)
=============================================================================

=============================================================================
Available resources to store TST cells: 2147442823 (5260245.99% of mesh size)
=============================================================================

************************************************************************************************
General settings
	PBA version: default
------------------------------------------------------------------------------------------------
Geometry processor: default
	Geo accuracy: 75.000000
	Watertightness check: true
	Self intersection check: false
	Inheritance (all): false
	Normal dominance (all): false
	Normal dominance (ports): false
	Flanges hollow: true
	One shape per flange: false
	Multi threading: true
		max # of threads used: 20
		requested max # of threads: 20
		representation: indexed
		method: multi thread
		retry: no
------------------------------------------------------------------------------------------------
Connectivity settings
	Workflow selection: 0
	Workflow version: 20190101
	Gap detection: true
	Gap detection version: 2
	TST version: 2
	QQ workflow: true
	CoCo workflow: true
	Legacy topology: false
	Connectivity check: true
------------------------------------------------------------------------------------------------
************************************************************************************************

------------------------------------------------------------------------------------------------
Geometry processing log
	PEC background is represented by CAD geometry: false
	Background shape: used
	Multithread portion: 100.00
	Number of CAD shapes: 1
	Number of lumps: 1
------------------------------------------------------------------------------------------------
===================================================================================================
== CST Matrix Calculation Priority Log
===================================================================================================
 
Priorities are sorted in ascending order beginning with the lowest priority
 
Priority-group: 1, shape 5: </cst/Boundaries/> Low^X,   material: $NFSMaterial$,  user-priority: 0.000000,   material-attributes: normal.vacuum,  shape-attributes: boundary,    scheme type:FIT_TD
Priority-group: 1, shape 6: </cst/Boundaries/> Low^Y,   material: $NFSMaterial$,  user-priority: 0.000000,   material-attributes: normal.vacuum,  shape-attributes: boundary,    scheme type:FIT_TD
Priority-group: 1, shape 7: </cst/Boundaries/> Low^Z,   material: $NFSMaterial$,  user-priority: 0.000000,   material-attributes: normal.vacuum,  shape-attributes: boundary,    scheme type:FIT_TD
Priority-group: 1, shape 8: </cst/Boundaries/> Up^X,    material: $NFSMaterial$,  user-priority: 0.000000,   material-attributes: normal.vacuum,  shape-attributes: boundary,    scheme type:FIT_TD
Priority-group: 1, shape 9: </cst/Boundaries/> Up^Y,    material: $NFSMaterial$,  user-priority: 0.000000,   material-attributes: normal.vacuum,  shape-attributes: boundary,    scheme type:FIT_TD
Priority-group: 1, shape 10: </cst/Boundaries/> Up^Z,    material: $NFSMaterial$,  user-priority: 0.000000,   material-attributes: normal.vacuum,  shape-attributes: boundary,    scheme type:FIT_TD
Priority-group: 2, shape 3: </cst/Ports/> 1^t0, material: PEC,    user-priority: 0.000000,   material-attributes: pec,    shape-attributes: edge-element.wire,   scheme type:FIT_TD
Priority-group: 2, shape 4: </cst/Ports/> 1^t1, material: PEC,    user-priority: 0.000000,   material-attributes: pec,    shape-attributes: edge-element.wire,   scheme type:FIT_TD
Priority-group: 3, shape 1: component1:solid1,  material: PEC,    user-priority: 0.000000,   2D/3D-geometry: true, material-attributes: pec,    shape-attributes: solid,   scheme type:FIT_TD
Priority-group: 3, shape 2: component1:solid1 (Lump 2), material: PEC,    user-priority: 0.000000,   2D/3D-geometry: true, material-attributes: pec,    shape-attributes: solid,   scheme type:FIT_TD
 
===================================================================================================
 
=======================
Finished CAD processing
=======================

<<<<<<<<<<<<<<<<<<<<<<<<<<<<<<<<<<<<<<<<<<
2026 Apr 20 (Mon):  10:09:20
Resource usage for processing CAD model:
	Runtime                 00:00:00.00041
	Peak Memory Usage:               23 MB
<<<<<<<<<<<<<<<<<<<<<<<<<<<<<<<<<<<<<<<<<<

------------------------------------------------------------
Parallelization Info
------------------------------------------------------------
Hyperthreading active: true
Hyperthreading used: false
Number of concurrent threads: 1
Number of node domains: 1
Domains-to-threads scaling: 2
Average FI domain size: 5e+03
Nice mode: true
Delayed matrix calculation start: false
Load balancing: Version 20090403
Number of mesh fill domains: 8
Memory downscale: 1
CPU load: 10.00%
Emptiness: 0.00%
Hex mesh complexity: 0.03718
Geometric complexity: 0.02040
lower size limit of domain (1D): 60
------------------------------------------------------------
Node order
0
------------------------------------------------------------

-----------------------------------------------------------------
Matrix calculation job submit section 0
Currently running jobs: 0
Waiting jobs: 1
Concurrency for section: 1/1
Matrix calculation node 0
	Mesh coverage: 3718000.00 %
	Estimated peak memory usage per node: 4 MB, tightness: 0.03 %
	Processor group: 0
-----------------------------------------------------------------

===========================================
Data rearrangement statistics:
Disk IO directories:	00:00:00.0000
Disk IO node domain files:	00:00:00.0002
Disk IO FI domain files:	00:00:00.0000
Disk IO meta information:	00:00:00.0000
Sequential merge (TST):	00:00:00.0005
===========================================

1xN000:  ====================================================================================
          - pinning rule in use   : PINNING_RULE_MCALC_SKIP_ALL
          - desired group         : 0, sockets = 0
          - num cores available   : 20
          - num accessible procs          : 20
          - num logical procs             : 20
          - affinity (main thread)        : 11111111111111111111
          - sockets                       : 0
          - potential cores               : 0,1,2,3,4,5,6,7,8,9,10,11,12,13,14,15,16,17,18,19
          - affinity                      : 11111111111111111111
          - core list                  (3): 0,1,2,3,4,5,6,7,8,9,10,11,12,13,14,15,16,17,18,19
          - active cores          : 0,1,2,3,4,5,6,7,8,9,10,11,12,13,14,15,16,17,18,19
          - hyperthreading        : on
          - skip pinning: + allowed number of sockets = available number of sockets
                          + hyperthreading allowed by solver
         ====================================================================================

1xN000:  ===================================================================================================
         Version: 2022.4 Release from 2022-04-26 (change 967892) [Release]
         Workflow: PBA matrix coefficients
         Operation: [fpba, meshfill, bg, port-path, tst, tst-nextgen, coeff, surface-imp, connectivity-tree]
         Architecture: Windows, ID: AMD64
         System Windows-64bit
         Using processor group 0/1
         HEX Mesh information:
         Hex mesh: global: [hxr o(0 | 0 | 0) s(27 | 27 | 56) np (no TSTs): 40824]
         ===================================================================================================

1xN000:  ------------------------------------------------------
         Memory status  on node "1xN000" for matrix calculation
         	Estimated memory consumption: 0.00429859 GB
         	Physical memory installed: 25.4803 GB
         	Available physical memory: 13.898 GB
         	Available relative memory: 54.5442%s
         ------------------------------------------------------

1xN000:  >>>>>>>>>>>>>>>>>>>>>>>>>>>>>>>>>>>>>>>>>>>>>>>>>
         2026 Apr 20 (Mon):  10:09:21
         started: calculating matrix coefficients per node
         >>>>>>>>>>>>>>>>>>>>>>>>>>>>>>>>>>>>>>>>>>>>>>>>>

1xN000:  ================================================================
         Matrix computation (PBA)
         	[PERFECT BOUNDARY APPROXIMATION (PBA) (R), version: default]
         	[GPU acceleration: off (by user)]
         Version 2022.4 (build 20220426)
         PBA version 2022042622
         Sub-Workflow: FARM-1xN-TST2-Node
         Workflow updated: -
         2026 Apr 20 (Mon):  10:09:21
         ================================================================

1xN000:  ----------------------------------------------
         Used point accuracy enhancement value: 75.00%.
         ----------------------------------------------

1xN000:  FARM allocation scheme: BBM
1xN000:  Gap-Detection activated for FARM-topology. Gaps are resolved, even partially.: gap tolerance value is 0.001000 and mesh geometry scale is 0.001000
1xN000:
1xN000:



1xN000:  ----------------------
         Acceleration mode: CPU
         ----------------------

1xN000:  Port homogenization method: M2H point index deviation
1xN000:  cccccccccccccccccccccccccccccccccccccccccccccccccccccccccccccccccccc
         FARM/Meshfill cache is set to 8 (local FI domains: 8, dynamic: true)
         cccccccccccccccccccccccccccccccccccccccccccccccccccccccccccccccccccc

1xN000:  =============================================================
         Hex cell analyzer settings:
         	max number of E fields per mesh edge: 2
         	max number of H fields per mesh face: 4
         	supporting dual grid: false
         	performance improvement: ROI limit: true
         	performance improvement: ROI threshold: 2
         	performance improvement: single topology extraction: true
         	performance improvement: pre-categorize cell volume: true
         	periodic align: 0
         	periodic cells: true
         	homogenization version: pid
         =============================================================

1xN000:  ------------------------------------------------------------------------------
         PBA fill limit is applied in inverse mode.
         PBA fill limit is applied on faces filled with at least 99.00% metal material.
         --------------------------------------------------------------
         detailed accuracy settings:
         --------------------------------------------------------------
         augmented fill limit:       true
         augmented fill limit value: 99.00
         automatic fill limit:       true
         early fill limit:           true
         inverse fill limit:         true
         model complexity:           0.00
         legacy 2015:                false
         fixed point accuracy:       false
         minimum point accuracy:     0
         mesh step inheritance:      false
         accuracy mode:
         ------------------------------------------------------------------------------

1xN000:  discrete edge port "1" is connected to metal material.
1xN000:  ----------------------------------------------------------------
         The following discrete edge port is connected to metal material:
         	1
         ----------------------------------------------------------------

1xN000:  =================================
         Finished matrix computation (PBA)
         =================================

1xN000:  <<<<<<<<<<<<<<<<<<<<<<<<<<<<<<<<<<<<<<<<<<<<<<<<<<<<<<<<<<<<
         2026 Apr 20 (Mon):  10:09:22
         Resource usage for calculating matrix coefficients per node:
         	Runtime                          00:00:01.00041
         	Peak Memory Estimation:                    4 MB
         	Peak Memory Usage:                        36 MB
         <<<<<<<<<<<<<<<<<<<<<<<<<<<<<<<<<<<<<<<<<<<<<<<<<<<<<<<<<<<<



<<<<<<<<<<<<<<<<<<<<<<<<<<<<<<<<<<<<<<<<<<<<<<<
2026 Apr 20 (Mon):  10:09:22
Resource usage for parallelization control:
	Runtime                      00:00:02.00049
<<<<<<<<<<<<<<<<<<<<<<<<<<<<<<<<<<<<<<<<<<<<<<<

------------------------------------------------------------------------------------------------------------------------------
PBAMeshFeedback - InfoMap: 0[ms] - SBCell navigation: Using legacy edges - CornerCorrectionLinesAndWires: 0[ms] - Write: 1[ms]
ConnectivityAXG - Load: 1[ms] - Setup: 7[ms] - Convert: 0[ms] ( Groups: 3 - Shapes: 3 - Threads: 10 ) - Write: 1[ms]
------------------------------------------------------------------------------------------------------------------------------

--------------------------------
# of staircase filled cells: 0
# of staircase filled areas: 0
# of staircase filled edges: 0
# of faces above fill limit: 0
# of edges with FPBA topology: 0
--------------------------------

