20/Apr/2026 10:09:20  The following farfield monitor(s) have been adjusted to model box [-0.879687,
                      0.879687, -0.879687, 0.879687, -23.3798, 23.3798].
                        farfield (f=3). More...
                      
                      ------------------------------------------------------------------------------
20/Apr/2026 10:09:20  
                      Solver started at: 10:09 AM Monday, 20. April 2026 (ÖÐđúąęŨžĘąžä)
                      
                        Module:  Time Domain: S-Parameter (Win 64)
                        Version: 2022.4 Release from 2022-04-26 (change 967892)
                      

                      ------------------------------------------------------------------------------

                      ------------------------------------------------------------------------------
20/Apr/2026 10:09:20  ======================================================================
                       Solver cycle: 1
                      ======================================================================
                      
                      Stimulation at discrete port 1 
                      
                      
                      
                      ------------------------------------------------------------------------------
20/Apr/2026 10:09:20  Units settings: 
                      
                        Dimensions: mm
                        Frequency:  GHz
                        Time:       ns
                      
                      ------------------------------------------------------------------------------
20/Apr/2026 10:09:20  The dispersive material update [Automatic] will be performed using the "Standard" update schema
                      
                      ------------------------------------------------------------------------------
20/Apr/2026 10:09:23  The following discrete edge port is connected to metal material:
                      	1
                      
                      ------------------------------------------------------------------------------
20/Apr/2026 10:09:23  Mesh statistics:
                      
                         Hexahedral mesh type: PERFECT BOUNDARY APPROXIMATION (PBA) (R)
                            Version: default
                      
                         Parallelization type: domain decomposition
                            Number of parallel working threads: 1
                            Number of calculation domains used: 1
                      
                         Used point accuracy enhancement value: 75.00%.
                         Acceleration mode: CPU
                         PBA fill limit: 99.00% (inverse)

20/Apr/2026 10:09:23  Boundary conditions: 
                      
                        YZsymmetry: none
                        XZsymmetry: none
                        XYsymmetry: none
                      
                        Xmin: expanded open, 4 Layer, depth 14.039 mm
                        Xmax: expanded open, 4 Layer, depth 14.039 mm
                      
                        Ymin: expanded open, 4 Layer, depth 14.039 mm
                        Ymax: expanded open, 4 Layer, depth 14.039 mm
                      
                        Zmin: expanded open, 4 Layer, depth 14.0773 mm
                        Zmax: expanded open, 4 Layer, depth 14.0773 mm
                      
                        PML-Type: Convolution PML
                      
                      ------------------------------------------------------------------------------
20/Apr/2026 10:09:23  Frequency settings: 
                      
                        Fmin:         1
                        Fmax:         5
                        Nfsteps(lin): 1001
                      
                      ------------------------------------------------------------------------------
20/Apr/2026 10:09:23  Field update statistics:
                      
                        Number of components in total: 	233795
                      
                      Subcycling state:      Automatically deactivated
                      
                      ------------------------------------------------------------------------------
20/Apr/2026 10:09:23  Port: 1
                      
20/Apr/2026 10:09:23    Discrete element, reference impedance = 73.1 Ohm
                      
                      ------------------------------------------------------------------------------
20/Apr/2026 10:09:25  
                      --------------------------------------------------------------------------------
20/Apr/2026 10:09:25  Steady state energy criterion met, solver finished successfully.
                      
                      ------------------------------------------------------------------------------
20/Apr/2026 10:09:25  Frequency domain results normalized to default signal.
                      
                      
                      ------------------------------------------------------------------------------
20/Apr/2026 10:09:25  
                        ----------------------------------------------------------------------------
                                            Peak memory used (kB)         Free physical memory (kB) 
                                                                          At begin     Minimum      
                        ----------------------------------------------------------------------------
                        CAD preparation     23660                         13581436     13581436     
                        Matrices calc.      35156                         13555664     13541992     
                        Solver run total    53120                         13606452     13571528     
                        ----------------------------------------------------------------------------
                      
                      --------------------------------------------------------------------------------
                      Solver Statistics:
                      
                        Hardware:
                           Computer name:                 	LAPTOP-2020B3A6 
                      
                           Number of CPU threads:               10
                           Hardware info:                  	Hardware Accelerator Device not activated
                      
                        Number of mesh cells:             	37180
                        Excitation duration:              	1.77727437e+000 ns 
                        Calculation time for excitation:  	0 	s
                        Number of calculated pulse widths:	1.41902 
                        Steady state accuracy limit:      	-40	dB 
                        Simulated number of time steps:   	6118 
                        Maximum number of time steps:     	86228 
                        Time step width:
                           without subcycles:             	4.122250924e-004 ns
                           used:                          	4.122250924e-004 ns
                      
                        CAD preparation time:             	0      	s
                        Matrix calculation time:          	2 	s
                        Solver setup time:                	0 	s
                        Solver loop time:                 	1 	s
                        Solver post-processing time:      	0 	s
                                                          	------------
                        Total solver time:                	3 	s
                      
                      ------------------------------------------------------------------------------
20/Apr/2026 10:09:25  
                        Adaptive port meshing time:          	0      	s
                        Total solver time (all cycles):      	3      	s
                        Solver initialization and clean-up:  	1      	s
                                                             	------------
                        Total simulation time:               	4      	s
                      
                      ------------------------------------------------------------------------------
20/Apr/2026 10:09:25  Solver finished at: 10:09 AM Monday, 20. April 2026
                      
                      
                      
                      ------------------------------------------------------------------------------
20/Apr/2026 10:09:27  Creating parametric 1D results for Run ID 1
                      
                      ------------------------------------------------------------------------------
