; Top Design: "mjx03_lib:cell_3:schematic"
; Netlisted using Hierarchy Policy: "Standard"

Options ResourceUsage=yes UseNutmegFormat=no EnableOptim=no TopDesignName="mjx03_lib:cell_3:schematic" DcopOutputNodeVoltages=yes DcopOutputPinCurrents=yes DcopOutputAllSweepPoints=no DcopOutputDcopType=0
; Library Name: mjx03_lib
; Cell Name: DA_SmithChartMatch1_cell_3
; View Name: schematic
define DA_SmithChartMatch1_cell_3 ( P1  P2 ) 
parameters  Fp=1 GHz  SourceType=0  SourceEnable=0  Rg=50 Ohm  Lg=1 nH  Cg=1 pF  Zg=(50+j*50) Ohm  SourceFile="ZSource.s1p"  SourceImpType=0  LoadType=5  LoadEnable=0  RL=50 Ohm  LL=1 nH  CL=1 pF  ZL=(100-j*100) Ohm  LoadFile="ZLoad.s1p"  LoadImpType=0  Z0=50 Ohm 
TLIN:TL2  P2 0 Z=50 Ohm E=35.56 F=2.4 GHz 
TLIN:TL1  P1 P2 Z=50 Ohm E=29.33 F=2.4 GHz 
end DA_SmithChartMatch1_cell_3

Port:Term1  N__4 0 Num=1 Z=75-j*90 Noise=yes 
Port:Term2  N__5 0 Num=2 Z=60-j*45 Noise=yes 
S_Param:SP1 CalcS=yes CalcY=no CalcZ=no GroupDelayAperture=1e-4 FreqConversion=no FreqConversionPort=1 StatusLevel=2 CalcNoise=no SortNoise=0 BandwidthForNoise=1.0 Hz DevOpPtLevel=0 \
SweepVar="freq" SweepPlan="SP1_stim" OutputPlan="SP1_Output" 

SweepPlan: SP1_stim Start=1.0 GHz Stop=3 GHz Step=0.05 GHz 

OutputPlan:SP1_Output \
      Type="Output" \
      UseEquationNestLevel=yes \
      EquationNestLevel=2 \
      UseSavedEquationNestLevel=yes \
      SavedEquationNestLevel=2

#load "python","LinearCollapse"
Component Module="LinearCollapse" Type="ModelExtractor" NetworkRepresentation=2

;#@# autodisplay="S_Params_Quad_dB_Smith"
DA_SmithChartMatch1_cell_3:DA_SmithChartMatch1  N__4 N__5 Fp=2.4 GHz SourceType=0 SourceEnable=0 Rg=50 Ohm Lg=1 nH Cg=1 pF Zg=(75+j*90) Ohm SourceFile="ZSource.snp" SourceImpType=0 LoadType=1 LoadEnable=0 RL=50 Ohm LL=1 nH CL=1 pF ZL=(60-j*45) Ohm LoadFile="ZLoad.snp" LoadImpType=0 Z0=50 Ohm 
