Unknown:
E:\RFexp\mjx04\mjx04\Result\farfield (f=3)2D_1.ffp
E:\RFexp\mjx04\mjx04\Result\farfield (f=3)_1.fme
E:\RFexp\mjx04\mjx04\Result\hardware_resources.sconf
E:\RFexp\mjx04\mjx04\Result\Hex.gap
E:\RFexp\mjx04\mjx04\Result\MCalc.ddi
E:\RFexp\mjx04\mjx04\Result\MCalc.log
E:\RFexp\mjx04\mjx04\Result\ml_info.log
E:\RFexp\mjx04\mjx04\Result\Model.axg
E:\RFexp\mjx04\mjx04\Result\Model.ddi
E:\RFexp\mjx04\mjx04\Result\Model.log
E:\RFexp\mjx04\mjx04\Result\Model.sa
E:\RFexp\mjx04\mjx04\Result\Model.sam
E:\RFexp\mjx04\mjx04\Result\ModelPBA.axg
E:\RFexp\mjx04\mjx04\Result\Model_m1.sam
E:\RFexp\mjx04\mjx04\Result\m^fbqq.dsc
E:\RFexp\mjx04\mjx04\Result\m^fifx.dsc
E:\RFexp\mjx04\mjx04\Result\m^fqq.dsc
E:\RFexp\mjx04\mjx04\Result\Ports.web
E:\RFexp\mjx04\mjx04\Result\PP-MCalc.log
E:\RFexp\mjx04\mjx04\Result\PP-Prio.log
E:\RFexp\mjx04\mjx04\Result\p^a.dsc
E:\RFexp\mjx04\mjx04\Result\P^m^fbqq.slog
E:\RFexp\mjx04\mjx04\Result\P^m^fqq.slog
E:\RFexp\mjx04\mjx04\Result\P^p^m.slog
E:\RFexp\mjx04\mjx04\Result\P^s^pm.slog
E:\RFexp\mjx04\mjx04\Result\WEP.log
Mesh:
E:\RFexp\mjx04\mjx04\Result\dA.mat
E:\RFexp\mjx04\mjx04\Result\dad.mat
E:\RFexp\mjx04\mjx04\Result\ds.mat
E:\RFexp\mjx04\mjx04\Result\dsd.mat
E:\RFexp\mjx04\mjx04\Result\dsMCalc.mat
E:\RFexp\mjx04\mjx04\Result\Eps.mat
E:\RFexp\mjx04\mjx04\Result\HexMatrix.m2h
E:\RFexp\mjx04\mjx04\Result\HexMatrix_MCalc.m2h
E:\RFexp\mjx04\mjx04\Result\MCalc.fmp
E:\RFexp\mjx04\mjx04\Result\MCalc.xcfd
E:\RFexp\mjx04\mjx04\Result\MCalcCCS_c.mson
E:\RFexp\mjx04\mjx04\Result\Model-fmf.msqlite
E:\RFexp\mjx04\mjx04\Result\Model.cct
E:\RFexp\mjx04\mjx04\Result\Model.fmf
E:\RFexp\mjx04\mjx04\Result\Model.fmm
E:\RFexp\mjx04\mjx04\Result\Model.fpc
E:\RFexp\mjx04\mjx04\Result\Model.fwf
E:\RFexp\mjx04\mjx04\Result\Model.sid
E:\RFexp\mjx04\mjx04\Result\Model.spi
E:\RFexp\mjx04\mjx04\Result\Model.xcfd
E:\RFexp\mjx04\mjx04\Result\Mue.mat
E:\RFexp\mjx04\mjx04\Result\m^fbqq.mem
E:\RFexp\mjx04\mjx04\Result\m^fqq.mem
E:\RFexp\mjx04\mjx04\Result\PEC.mat
E:\RFexp\mjx04\mjx04\Result\Ports.fpt
E:\RFexp\mjx04\mjx04\Result\p^a.mem
E:\RFexp\mjx04\mjx04\Result\p^m.mem
E:\RFexp\mjx04\mjx04\Result\S2HMatrix.m2h
E:\RFexp\mjx04\mjx04\Result\Shapes.con
E:\RFexp\mjx04\mjx04\Result\s^pm.mem
Port:
E:\RFexp\mjx04\mjx04\Result\Model.pmi
