Port monitor named: Port1_h1[15].prt

nx        = 67
ny        = 60
nz        = 149

nu        = 19
nv        = 12
iu        = 25
iv        = 25

idir      = 2
dcut      = -0.000000e+000
icut      = 6
type      = 1
frequency = 1.500000e+010

fcutoff   = 9.482060e+009
alpha     = 0.000000e+000
beta      = 2.435571e+002
accuracy  = 1.372885e-010

type          = TE
wave imp.     = 4.862730e+002
wave imp.sig. = 7.385877e-006
line imp.     = 0.000000e+000

ref. port     = 0

-0.000000e+000  -6.171960e-001  -1.227210e+000  -1.822945e+000  -2.838483e+000  -3.822653e+000  -4.637385e+000  -5.246564e+000  -5.623190e+000  -5.750567e+000  -5.623049e+000  -5.246284e+000  -4.636967e+000  -3.822088e+000  -2.837724e+000  -1.821857e+000  -1.225695e+000  -6.147652e-001  -0.000000e+000  
-0.000000e+000  -6.171960e-001  -1.227210e+000  -1.822945e+000  -2.838483e+000  -3.822653e+000  -4.637385e+000  -5.246564e+000  -5.623190e+000  -5.750568e+000  -5.623050e+000  -5.246287e+000  -4.636974e+000  -3.822106e+000  -2.837775e+000  -1.822033e+000  -1.226172e+000  -6.161836e-001  -0.000000e+000  
-0.000000e+000  -6.171960e-001  -1.227210e+000  -1.822945e+000  -2.838483e+000  -3.822653e+000  -4.637385e+000  -5.246564e+000  -5.623191e+000  -5.750569e+000  -5.623053e+000  -5.246293e+000  -4.636986e+000  -3.822135e+000  -2.837850e+000  -1.822228e+000  -1.226516e+000  -6.166831e-001  -0.000000e+000  
-0.000000e+000  -6.171960e-001  -1.227210e+000  -1.822945e+000  -2.838483e+000  -3.822653e+000  -4.637385e+000  -5.246565e+000  -5.623191e+000  -5.750571e+000  -5.623057e+000  -5.246302e+000  -4.637006e+000  -3.822180e+000  -2.837951e+000  -1.822433e+000  -1.226784e+000  -6.169384e-001  -0.000000e+000  
-0.000000e+000  -6.171960e-001  -1.227211e+000  -1.822945e+000  -2.838483e+000  -3.822654e+000  -4.637385e+000  -5.246565e+000  -5.623192e+000  -5.750573e+000  -5.623062e+000  -5.246313e+000  -4.637030e+000  -3.822228e+000  -2.838044e+000  -1.822575e+000  -1.226930e+000  -6.170421e-001  -0.000000e+000  
-0.000000e+000  -6.171960e-001  -1.227211e+000  -1.822945e+000  -2.838483e+000  -3.822654e+000  -4.637385e+000  -5.246566e+000  -5.623193e+000  -5.750574e+000  -5.623064e+000  -5.246318e+000  -4.637039e+000  -3.822247e+000  -2.838076e+000  -1.822619e+000  -1.226970e+000  -6.170673e-001  -0.000000e+000  
-0.000000e+000  -6.171960e-001  -1.227211e+000  -1.822945e+000  -2.838483e+000  -3.822654e+000  -4.637385e+000  -5.246565e+000  -5.623193e+000  -5.750573e+000  -5.623062e+000  -5.246313e+000  -4.637030e+000  -3.822228e+000  -2.838044e+000  -1.822575e+000  -1.226930e+000  -6.170421e-001  -0.000000e+000  
-0.000000e+000  -6.171960e-001  -1.227210e+000  -1.822945e+000  -2.838483e+000  -3.822653e+000  -4.637385e+000  -5.246565e+000  -5.623191e+000  -5.750571e+000  -5.623057e+000  -5.246302e+000  -4.637006e+000  -3.822180e+000  -2.837951e+000  -1.822433e+000  -1.226784e+000  -6.169384e-001  -0.000000e+000  
-0.000000e+000  -6.171960e-001  -1.227210e+000  -1.822945e+000  -2.838483e+000  -3.822653e+000  -4.637385e+000  -5.246564e+000  -5.623191e+000  -5.750569e+000  -5.623053e+000  -5.246293e+000  -4.636986e+000  -3.822135e+000  -2.837850e+000  -1.822228e+000  -1.226516e+000  -6.166830e-001  -0.000000e+000  
-0.000000e+000  -6.171960e-001  -1.227210e+000  -1.822945e+000  -2.838483e+000  -3.822653e+000  -4.637385e+000  -5.246564e+000  -5.623190e+000  -5.750568e+000  -5.623050e+000  -5.246287e+000  -4.636974e+000  -3.822106e+000  -2.837775e+000  -1.822033e+000  -1.226172e+000  -6.161836e-001  -0.000000e+000  
-0.000000e+000  -6.171960e-001  -1.227210e+000  -1.822945e+000  -2.838483e+000  -3.822653e+000  -4.637385e+000  -5.246564e+000  -5.623190e+000  -5.750567e+000  -5.623049e+000  -5.246284e+000  -4.636967e+000  -3.822088e+000  -2.837724e+000  -1.821857e+000  -1.225695e+000  -6.147652e-001  -0.000000e+000  
-0.000000e+000  -0.000000e+000  -0.000000e+000  -0.000000e+000  -0.000000e+000  -0.000000e+000  -0.000000e+000  -0.000000e+000  -0.000000e+000  -0.000000e+000  -0.000000e+000  -0.000000e+000  -0.000000e+000  -0.000000e+000  -0.000000e+000  -0.000000e+000  -0.000000e+000  -0.000000e+000  -0.000000e+000  

-0.000000e+000  -0.000000e+000  -0.000000e+000  -0.000000e+000  -0.000000e+000  -0.000000e+000  -0.000000e+000  -0.000000e+000  -0.000000e+000  -0.000000e+000  -0.000000e+000  -0.000000e+000  -0.000000e+000  -0.000000e+000  -0.000000e+000  -0.000000e+000  -0.000000e+000  -0.000000e+000  -0.000000e+000  
-3.255170e-009  -3.722995e-008  -1.386918e-008  -3.535061e-008  -7.131242e-008  -1.167392e-007  -2.281747e-007  -4.642090e-007  -9.991528e-007  -2.184878e-006  -4.837316e-006  -1.083519e-005  -2.491687e-005  -6.026884e-005  -1.586350e-004  -4.120895e-004  -9.031632e-004  -2.363675e-003  -0.000000e+000  
-4.041836e-008  -4.287669e-009  -5.520353e-008  -6.896173e-008  -1.313984e-007  -2.238322e-007  -4.155178e-007  -8.533715e-007  -1.826289e-006  -3.984532e-006  -8.784076e-006  -1.957043e-005  -4.427651e-005  -1.032576e-004  -2.477409e-004  -5.276847e-004  -8.821234e-004  -1.396439e-003  -0.000000e+000  
-2.812447e-008  -4.782468e-008  -5.257233e-008  -8.977478e-008  -1.877891e-007  -2.991472e-007  -5.430559e-007  -1.096534e-006  -2.339230e-006  -5.085366e-006  -1.116296e-005  -2.462685e-005  -5.468146e-005  -1.224236e-004  -2.693582e-004  -4.921538e-004  -7.006352e-004  -8.989478e-004  -0.000000e+000  
-1.152896e-010  -2.890299e-009  -3.103082e-008  -1.406291e-007  -2.352002e-007  -3.315352e-007  -5.628557e-007  -1.101698e-006  -2.310750e-006  -4.978753e-006  -1.081545e-005  -2.340999e-005  -5.012094e-005  -1.049146e-004  -2.052260e-004  -3.206146e-004  -4.050605e-004  -4.652998e-004  -0.000000e+000  
-2.263158e-009  -1.069235e-008  -2.362496e-008  -4.663574e-008  -8.093607e-008  -1.267388e-007  -2.316863e-007  -4.548723e-007  -9.592000e-007  -2.065160e-006  -4.451307e-006  -9.493752e-006  -1.982811e-005  -3.982433e-005  -7.306254e-005  -1.060626e-004  -1.277432e-004  -1.414735e-004  -0.000000e+000  
4.187186e-009  9.455610e-009  1.921617e-008  4.711961e-008  8.393297e-008  1.267995e-007  2.284779e-007  4.538962e-007  9.595589e-007  2.068595e-006  4.449803e-006  9.492549e-006  1.983013e-005  3.982554e-005  7.306607e-005  1.060565e-004  1.277340e-004  1.414790e-004  -0.000000e+000  
-8.896350e-009  1.227218e-008  3.883820e-008  1.365329e-007  2.383297e-007  3.315831e-007  5.601774e-007  1.100136e-006  2.310703e-006  4.980940e-006  1.081532e-005  2.340829e-005  5.012557e-005  1.049106e-004  2.052287e-004  3.206156e-004  4.050538e-004  4.652997e-004  -0.000000e+000  
3.361858e-008  3.384492e-008  6.392887e-008  8.690099e-008  1.919557e-007  2.951851e-007  5.414205e-007  1.098409e-006  2.339067e-006  5.086130e-006  1.116124e-005  2.462863e-005  5.468042e-005  1.224285e-004  2.693544e-004  4.921522e-004  7.006439e-004  8.989390e-004  -0.000000e+000  
2.955763e-008  3.228895e-008  3.155782e-008  7.363638e-008  1.291733e-007  2.235110e-007  4.156204e-007  8.534638e-007  1.825549e-006  3.982996e-006  8.789303e-006  1.956496e-005  4.428135e-005  1.032573e-004  2.477421e-004  5.276903e-004  8.821014e-004  1.396453e-003  -0.000000e+000  
1.250167e-008  1.934690e-008  2.360390e-008  3.592249e-008  6.809850e-008  1.185672e-007  2.269973e-007  4.659868e-007  9.949920e-007  2.189652e-006  4.832953e-006  1.084267e-005  2.491319e-005  6.026929e-005  1.586324e-004  4.120965e-004  9.031727e-004  2.363662e-003  -0.000000e+000  
-0.000000e+000  -0.000000e+000  -0.000000e+000  -0.000000e+000  -0.000000e+000  -0.000000e+000  -0.000000e+000  -0.000000e+000  -0.000000e+000  -0.000000e+000  -0.000000e+000  -0.000000e+000  -0.000000e+000  -0.000000e+000  -0.000000e+000  -0.000000e+000  -0.000000e+000  -0.000000e+000  -0.000000e+000  

0.000000e+000  0.000000e+000  0.000000e+000  0.000000e+000  0.000000e+000  0.000000e+000  0.000000e+000  0.000000e+000  0.000000e+000  0.000000e+000  0.000000e+000  0.000000e+000  0.000000e+000  0.000000e+000  0.000000e+000  0.000000e+000  0.000000e+000  0.000000e+000  0.000000e+000  
0.000000e+000  0.000000e+000  0.000000e+000  0.000000e+000  0.000000e+000  0.000000e+000  0.000000e+000  0.000000e+000  0.000000e+000  0.000000e+000  0.000000e+000  0.000000e+000  0.000000e+000  0.000000e+000  0.000000e+000  0.000000e+000  0.000000e+000  0.000000e+000  0.000000e+000  
0.000000e+000  0.000000e+000  0.000000e+000  0.000000e+000  0.000000e+000  0.000000e+000  0.000000e+000  0.000000e+000  0.000000e+000  0.000000e+000  0.000000e+000  0.000000e+000  0.000000e+000  0.000000e+000  0.000000e+000  0.000000e+000  0.000000e+000  0.000000e+000  0.000000e+000  
0.000000e+000  0.000000e+000  0.000000e+000  0.000000e+000  0.000000e+000  0.000000e+000  0.000000e+000  0.000000e+000  0.000000e+000  0.000000e+000  0.000000e+000  0.000000e+000  0.000000e+000  0.000000e+000  0.000000e+000  0.000000e+000  0.000000e+000  0.000000e+000  0.000000e+000  
0.000000e+000  0.000000e+000  0.000000e+000  0.000000e+000  0.000000e+000  0.000000e+000  0.000000e+000  0.000000e+000  0.000000e+000  0.000000e+000  0.000000e+000  0.000000e+000  0.000000e+000  0.000000e+000  0.000000e+000  0.000000e+000  0.000000e+000  0.000000e+000  0.000000e+000  
0.000000e+000  0.000000e+000  0.000000e+000  0.000000e+000  0.000000e+000  0.000000e+000  0.000000e+000  0.000000e+000  0.000000e+000  0.000000e+000  0.000000e+000  0.000000e+000  0.000000e+000  0.000000e+000  0.000000e+000  0.000000e+000  0.000000e+000  0.000000e+000  0.000000e+000  
0.000000e+000  0.000000e+000  0.000000e+000  0.000000e+000  0.000000e+000  0.000000e+000  0.000000e+000  0.000000e+000  0.000000e+000  0.000000e+000  0.000000e+000  0.000000e+000  0.000000e+000  0.000000e+000  0.000000e+000  0.000000e+000  0.000000e+000  0.000000e+000  0.000000e+000  
0.000000e+000  0.000000e+000  0.000000e+000  0.000000e+000  0.000000e+000  0.000000e+000  0.000000e+000  0.000000e+000  0.000000e+000  0.000000e+000  0.000000e+000  0.000000e+000  0.000000e+000  0.000000e+000  0.000000e+000  0.000000e+000  0.000000e+000  0.000000e+000  0.000000e+000  
0.000000e+000  0.000000e+000  0.000000e+000  0.000000e+000  0.000000e+000  0.000000e+000  0.000000e+000  0.000000e+000  0.000000e+000  0.000000e+000  0.000000e+000  0.000000e+000  0.000000e+000  0.000000e+000  0.000000e+000  0.000000e+000  0.000000e+000  0.000000e+000  0.000000e+000  
0.000000e+000  0.000000e+000  0.000000e+000  0.000000e+000  0.000000e+000  0.000000e+000  0.000000e+000  0.000000e+000  0.000000e+000  0.000000e+000  0.000000e+000  0.000000e+000  0.000000e+000  0.000000e+000  0.000000e+000  0.000000e+000  0.000000e+000  0.000000e+000  0.000000e+000  
0.000000e+000  0.000000e+000  0.000000e+000  0.000000e+000  0.000000e+000  0.000000e+000  0.000000e+000  0.000000e+000  0.000000e+000  0.000000e+000  0.000000e+000  0.000000e+000  0.000000e+000  0.000000e+000  0.000000e+000  0.000000e+000  0.000000e+000  0.000000e+000  0.000000e+000  
0.000000e+000  0.000000e+000  0.000000e+000  0.000000e+000  0.000000e+000  0.000000e+000  0.000000e+000  0.000000e+000  0.000000e+000  0.000000e+000  0.000000e+000  0.000000e+000  0.000000e+000  0.000000e+000  0.000000e+000  0.000000e+000  0.000000e+000  0.000000e+000  0.000000e+000  

0.000000e+000  0.000000e+000  0.000000e+000  0.000000e+000  0.000000e+000  0.000000e+000  0.000000e+000  0.000000e+000  0.000000e+000  0.000000e+000  0.000000e+000  0.000000e+000  0.000000e+000  0.000000e+000  0.000000e+000  0.000000e+000  0.000000e+000  0.000000e+000  0.000000e+000  
0.000000e+000  0.000000e+000  0.000000e+000  0.000000e+000  0.000000e+000  0.000000e+000  0.000000e+000  0.000000e+000  0.000000e+000  0.000000e+000  0.000000e+000  0.000000e+000  0.000000e+000  0.000000e+000  0.000000e+000  0.000000e+000  0.000000e+000  0.000000e+000  0.000000e+000  
0.000000e+000  0.000000e+000  0.000000e+000  0.000000e+000  0.000000e+000  0.000000e+000  0.000000e+000  0.000000e+000  0.000000e+000  0.000000e+000  0.000000e+000  0.000000e+000  0.000000e+000  0.000000e+000  0.000000e+000  0.000000e+000  0.000000e+000  0.000000e+000  0.000000e+000  
0.000000e+000  0.000000e+000  0.000000e+000  0.000000e+000  0.000000e+000  0.000000e+000  0.000000e+000  0.000000e+000  0.000000e+000  0.000000e+000  0.000000e+000  0.000000e+000  0.000000e+000  0.000000e+000  0.000000e+000  0.000000e+000  0.000000e+000  0.000000e+000  0.000000e+000  
0.000000e+000  0.000000e+000  0.000000e+000  0.000000e+000  0.000000e+000  0.000000e+000  0.000000e+000  0.000000e+000  0.000000e+000  0.000000e+000  0.000000e+000  0.000000e+000  0.000000e+000  0.000000e+000  0.000000e+000  0.000000e+000  0.000000e+000  0.000000e+000  0.000000e+000  
0.000000e+000  0.000000e+000  0.000000e+000  0.000000e+000  0.000000e+000  0.000000e+000  0.000000e+000  0.000000e+000  0.000000e+000  0.000000e+000  0.000000e+000  0.000000e+000  0.000000e+000  0.000000e+000  0.000000e+000  0.000000e+000  0.000000e+000  0.000000e+000  0.000000e+000  
0.000000e+000  0.000000e+000  0.000000e+000  0.000000e+000  0.000000e+000  0.000000e+000  0.000000e+000  0.000000e+000  0.000000e+000  0.000000e+000  0.000000e+000  0.000000e+000  0.000000e+000  0.000000e+000  0.000000e+000  0.000000e+000  0.000000e+000  0.000000e+000  0.000000e+000  
0.000000e+000  0.000000e+000  0.000000e+000  0.000000e+000  0.000000e+000  0.000000e+000  0.000000e+000  0.000000e+000  0.000000e+000  0.000000e+000  0.000000e+000  0.000000e+000  0.000000e+000  0.000000e+000  0.000000e+000  0.000000e+000  0.000000e+000  0.000000e+000  0.000000e+000  
0.000000e+000  0.000000e+000  0.000000e+000  0.000000e+000  0.000000e+000  0.000000e+000  0.000000e+000  0.000000e+000  0.000000e+000  0.000000e+000  0.000000e+000  0.000000e+000  0.000000e+000  0.000000e+000  0.000000e+000  0.000000e+000  0.000000e+000  0.000000e+000  0.000000e+000  
0.000000e+000  0.000000e+000  0.000000e+000  0.000000e+000  0.000000e+000  0.000000e+000  0.000000e+000  0.000000e+000  0.000000e+000  0.000000e+000  0.000000e+000  0.000000e+000  0.000000e+000  0.000000e+000  0.000000e+000  0.000000e+000  0.000000e+000  0.000000e+000  0.000000e+000  
0.000000e+000  0.000000e+000  0.000000e+000  0.000000e+000  0.000000e+000  0.000000e+000  0.000000e+000  0.000000e+000  0.000000e+000  0.000000e+000  0.000000e+000  0.000000e+000  0.000000e+000  0.000000e+000  0.000000e+000  0.000000e+000  0.000000e+000  0.000000e+000  0.000000e+000  
0.000000e+000  0.000000e+000  0.000000e+000  0.000000e+000  0.000000e+000  0.000000e+000  0.000000e+000  0.000000e+000  0.000000e+000  0.000000e+000  0.000000e+000  0.000000e+000  0.000000e+000  0.000000e+000  0.000000e+000  0.000000e+000  0.000000e+000  0.000000e+000  0.000000e+000  

0.000000e+000  0.000000e+000  0.000000e+000  0.000000e+000  0.000000e+000  0.000000e+000  0.000000e+000  0.000000e+000  0.000000e+000  0.000000e+000  0.000000e+000  0.000000e+000  0.000000e+000  0.000000e+000  0.000000e+000  0.000000e+000  0.000000e+000  0.000000e+000  0.000000e+000  
0.000000e+000  0.000000e+000  0.000000e+000  0.000000e+000  0.000000e+000  0.000000e+000  0.000000e+000  0.000000e+000  0.000000e+000  0.000000e+000  0.000000e+000  0.000000e+000  0.000000e+000  0.000000e+000  0.000000e+000  0.000000e+000  0.000000e+000  0.000000e+000  0.000000e+000  
0.000000e+000  0.000000e+000  0.000000e+000  0.000000e+000  0.000000e+000  0.000000e+000  0.000000e+000  0.000000e+000  0.000000e+000  0.000000e+000  0.000000e+000  0.000000e+000  0.000000e+000  0.000000e+000  0.000000e+000  0.000000e+000  0.000000e+000  0.000000e+000  0.000000e+000  
0.000000e+000  0.000000e+000  0.000000e+000  0.000000e+000  0.000000e+000  0.000000e+000  0.000000e+000  0.000000e+000  0.000000e+000  0.000000e+000  0.000000e+000  0.000000e+000  0.000000e+000  0.000000e+000  0.000000e+000  0.000000e+000  0.000000e+000  0.000000e+000  0.000000e+000  
0.000000e+000  0.000000e+000  0.000000e+000  0.000000e+000  0.000000e+000  0.000000e+000  0.000000e+000  0.000000e+000  0.000000e+000  0.000000e+000  0.000000e+000  0.000000e+000  0.000000e+000  0.000000e+000  0.000000e+000  0.000000e+000  0.000000e+000  0.000000e+000  0.000000e+000  
0.000000e+000  0.000000e+000  0.000000e+000  0.000000e+000  0.000000e+000  0.000000e+000  0.000000e+000  0.000000e+000  0.000000e+000  0.000000e+000  0.000000e+000  0.000000e+000  0.000000e+000  0.000000e+000  0.000000e+000  0.000000e+000  0.000000e+000  0.000000e+000  0.000000e+000  
0.000000e+000  0.000000e+000  0.000000e+000  0.000000e+000  0.000000e+000  0.000000e+000  0.000000e+000  0.000000e+000  0.000000e+000  0.000000e+000  0.000000e+000  0.000000e+000  0.000000e+000  0.000000e+000  0.000000e+000  0.000000e+000  0.000000e+000  0.000000e+000  0.000000e+000  
0.000000e+000  0.000000e+000  0.000000e+000  0.000000e+000  0.000000e+000  0.000000e+000  0.000000e+000  0.000000e+000  0.000000e+000  0.000000e+000  0.000000e+000  0.000000e+000  0.000000e+000  0.000000e+000  0.000000e+000  0.000000e+000  0.000000e+000  0.000000e+000  0.000000e+000  
0.000000e+000  0.000000e+000  0.000000e+000  0.000000e+000  0.000000e+000  0.000000e+000  0.000000e+000  0.000000e+000  0.000000e+000  0.000000e+000  0.000000e+000  0.000000e+000  0.000000e+000  0.000000e+000  0.000000e+000  0.000000e+000  0.000000e+000  0.000000e+000  0.000000e+000  
0.000000e+000  0.000000e+000  0.000000e+000  0.000000e+000  0.000000e+000  0.000000e+000  0.000000e+000  0.000000e+000  0.000000e+000  0.000000e+000  0.000000e+000  0.000000e+000  0.000000e+000  0.000000e+000  0.000000e+000  0.000000e+000  0.000000e+000  0.000000e+000  0.000000e+000  
0.000000e+000  0.000000e+000  0.000000e+000  0.000000e+000  0.000000e+000  0.000000e+000  0.000000e+000  0.000000e+000  0.000000e+000  0.000000e+000  0.000000e+000  0.000000e+000  0.000000e+000  0.000000e+000  0.000000e+000  0.000000e+000  0.000000e+000  0.000000e+000  0.000000e+000  
0.000000e+000  0.000000e+000  0.000000e+000  0.000000e+000  0.000000e+000  0.000000e+000  0.000000e+000  0.000000e+000  0.000000e+000  0.000000e+000  0.000000e+000  0.000000e+000  0.000000e+000  0.000000e+000  0.000000e+000  0.000000e+000  0.000000e+000  0.000000e+000  0.000000e+000  

-4.668382e+000  -4.614062e+000  -4.506053e+000  -4.281926e+000  -3.814058e+000  -3.157414e+000  -2.360819e+000  -1.459581e+000  -4.936468e-001  4.941676e-001  1.460077e+000  2.361268e+000  3.157791e+000  3.814337e+000  4.282081e+000  4.506074e+000  4.613949e+000  4.668056e+000  -0.000000e+000  
-4.668382e+000  -4.614062e+000  -4.506053e+000  -4.281926e+000  -3.814058e+000  -3.157414e+000  -2.360819e+000  -1.459581e+000  -4.936467e-001  4.941678e-001  1.460078e+000  2.361268e+000  3.157793e+000  3.814343e+000  4.282095e+000  4.506110e+000  4.614026e+000  4.668258e+000  -0.000000e+000  
-4.668382e+000  -4.614062e+000  -4.506053e+000  -4.281926e+000  -3.814058e+000  -3.157414e+000  -2.360819e+000  -1.459581e+000  -4.936465e-001  4.941681e-001  1.460078e+000  2.361270e+000  3.157797e+000  3.814351e+000  4.282116e+000  4.506155e+000  4.614102e+000  4.668377e+000  -0.000000e+000  
-4.668382e+000  -4.614062e+000  -4.506053e+000  -4.281926e+000  -3.814058e+000  -3.157414e+000  -2.360819e+000  -1.459580e+000  -4.936463e-001  4.941687e-001  1.460080e+000  2.361273e+000  3.157803e+000  3.814365e+000  4.282146e+000  4.506210e+000  4.614181e+000  4.668479e+000  -0.000000e+000  
-4.668382e+000  -4.614062e+000  -4.506053e+000  -4.281926e+000  -3.814058e+000  -3.157414e+000  -2.360819e+000  -1.459580e+000  -4.936459e-001  4.941695e-001  1.460081e+000  2.361277e+000  3.157811e+000  3.814381e+000  4.282178e+000  4.506259e+000  4.614243e+000  4.668549e+000  -0.000000e+000  
-4.668382e+000  -4.614062e+000  -4.506053e+000  -4.281926e+000  -3.814058e+000  -3.157414e+000  -2.360819e+000  -1.459580e+000  -4.936458e-001  4.941698e-001  1.460082e+000  2.361278e+000  3.157814e+000  3.814388e+000  4.282189e+000  4.506276e+000  4.614263e+000  4.668572e+000  -0.000000e+000  
-4.668382e+000  -4.614062e+000  -4.506053e+000  -4.281926e+000  -3.814058e+000  -3.157414e+000  -2.360819e+000  -1.459580e+000  -4.936459e-001  4.941695e-001  1.460081e+000  2.361277e+000  3.157811e+000  3.814381e+000  4.282178e+000  4.506259e+000  4.614243e+000  4.668549e+000  -0.000000e+000  
-4.668382e+000  -4.614062e+000  -4.506053e+000  -4.281926e+000  -3.814058e+000  -3.157414e+000  -2.360819e+000  -1.459580e+000  -4.936463e-001  4.941687e-001  1.460080e+000  2.361273e+000  3.157803e+000  3.814365e+000  4.282146e+000  4.506210e+000  4.614181e+000  4.668479e+000  -0.000000e+000  
-4.668382e+000  -4.614062e+000  -4.506053e+000  -4.281926e+000  -3.814058e+000  -3.157414e+000  -2.360819e+000  -1.459581e+000  -4.936465e-001  4.941681e-001  1.460078e+000  2.361270e+000  3.157797e+000  3.814351e+000  4.282116e+000  4.506155e+000  4.614102e+000  4.668377e+000  -0.000000e+000  
-4.668382e+000  -4.614062e+000  -4.506053e+000  -4.281926e+000  -3.814058e+000  -3.157414e+000  -2.360819e+000  -1.459581e+000  -4.936467e-001  4.941678e-001  1.460078e+000  2.361268e+000  3.157793e+000  3.814343e+000  4.282095e+000  4.506110e+000  4.614026e+000  4.668258e+000  -0.000000e+000  
-4.668382e+000  -4.614062e+000  -4.506053e+000  -4.281926e+000  -3.814058e+000  -3.157414e+000  -2.360819e+000  -1.459581e+000  -4.936468e-001  4.941676e-001  1.460077e+000  2.361268e+000  3.157791e+000  3.814337e+000  4.282081e+000  4.506074e+000  4.613949e+000  4.668056e+000  -0.000000e+000  
-0.000000e+000  -0.000000e+000  -0.000000e+000  -0.000000e+000  -0.000000e+000  -0.000000e+000  -0.000000e+000  -0.000000e+000  -0.000000e+000  -0.000000e+000  -0.000000e+000  -0.000000e+000  -0.000000e+000  -0.000000e+000  -0.000000e+000  -0.000000e+000  -0.000000e+000  -0.000000e+000  -0.000000e+000  

