Port monitor named: Port1_e1[15].prt

nx        = 67
ny        = 60
nz        = 149

nu        = 19
nv        = 12
iu        = 25
iv        = 25

idir      = 2
dcut      = -0.000000e+000
icut      = 6
type      = 0
frequency = 1.500000e+010

fcutoff   = 9.482060e+009
alpha     = 0.000000e+000
beta      = 2.435571e+002
accuracy  = 1.372885e-010

type          = TE
wave imp.     = 4.862730e+002
wave imp.sig. = 7.385877e-006
line imp.     = 0.000000e+000

ref. port     = 0

-0.000000e+000  -0.000000e+000  -0.000000e+000  -0.000000e+000  -0.000000e+000  -0.000000e+000  -0.000000e+000  -0.000000e+000  -0.000000e+000  -0.000000e+000  -0.000000e+000  -0.000000e+000  -0.000000e+000  -0.000000e+000  -0.000000e+000  -0.000000e+000  -0.000000e+000  -0.000000e+000  -0.000000e+000  
-2.259471e-006  -2.828539e-006  -4.629667e-006  -1.134297e-005  -3.017662e-005  -5.442088e-005  -1.070387e-004  -2.244989e-004  -4.852184e-004  -1.063384e-003  -2.353055e-003  -5.274464e-003  -1.211740e-002  -2.931102e-002  -7.714491e-002  -2.004003e-001  -4.391894e-001  -1.149393e+000  -0.000000e+000  
-4.031916e-006  -4.366209e-006  -6.398357e-006  -1.980974e-005  -5.887878e-005  -1.012308e-004  -1.968253e-004  -4.110812e-004  -8.864946e-004  -1.938959e-003  -4.276296e-003  -9.520219e-003  -2.153924e-002  -5.021553e-002  -1.204850e-001  -2.566092e-001  -4.289643e-001  -6.790609e-001  -0.000000e+000  
-5.283251e-006  -4.578204e-006  -8.151882e-007  -2.210849e-005  -8.656196e-005  -1.337141e-004  -2.550888e-004  -5.284559e-004  -1.135189e-003  -2.475139e-003  -5.433011e-003  -1.198413e-002  -2.660081e-002  -5.953833e-002  -1.309996e-001  -2.393525e-001  -3.407130e-001  -4.371459e-001  -0.000000e+000  
2.484344e-005  2.247628e-005  1.643090e-005  -1.345000e-005  -6.293908e-005  -1.247456e-004  -2.484376e-004  -5.201051e-004  -1.118162e-003  -2.427225e-003  -5.273935e-003  -1.140778e-002  -2.440938e-002  -5.106914e-002  -9.985015e-002  -1.559397e-001  -1.969965e-001  -2.262849e-001  -0.000000e+000  
6.842917e-006  5.443211e-006  2.179503e-006  -6.455971e-006  -2.371682e-005  -4.997485e-005  -1.023754e-004  -2.162051e-004  -4.652303e-004  -1.006277e-003  -2.169129e-003  -4.624934e-003  -9.654106e-003  -1.938289e-002  -3.554455e-002  -5.158878e-002  -6.212678e-002  -6.880327e-002  -0.000000e+000  
-6.819936e-006  -5.439824e-006  -2.191186e-006  6.478126e-006  2.375596e-005  4.996609e-005  1.023355e-004  2.162035e-004  4.652573e-004  1.006343e-003  2.169149e-003  4.624959e-003  9.654159e-003  1.938291e-002  3.554452e-002  5.158865e-002  6.212662e-002  6.880315e-002  -0.000000e+000  
-2.490455e-005  -2.245517e-005  -1.639571e-005  1.343561e-005  6.298710e-005  1.247541e-004  2.484060e-004  5.201008e-004  1.118172e-003  2.427274e-003  5.273949e-003  1.140778e-002  2.440945e-002  5.106912e-002  9.985012e-002  1.559396e-001  1.969964e-001  2.262848e-001  -0.000000e+000  
5.275830e-006  4.524517e-006  8.491507e-007  2.206886e-005  8.656220e-005  1.336792e-004  2.550556e-004  5.284451e-004  1.135181e-003  2.475157e-003  5.433002e-003  1.198412e-002  2.660080e-002  5.953836e-002  1.309996e-001  2.393525e-001  3.407130e-001  4.371458e-001  -0.000000e+000  
4.009250e-006  4.420133e-006  6.317766e-006  1.981278e-005  5.888138e-005  1.012090e-004  1.967946e-004  4.110498e-004  8.864888e-004  1.938954e-003  4.276300e-003  9.520216e-003  2.153928e-002  5.021556e-002  1.204850e-001  2.566093e-001  4.289643e-001  6.790609e-001  -0.000000e+000  
2.255127e-006  2.817128e-006  4.638294e-006  1.134521e-005  3.018262e-005  5.441654e-005  1.070093e-004  2.244811e-004  4.851998e-004  1.063393e-003  2.353045e-003  5.274494e-003  1.211742e-002  2.931105e-002  7.714493e-002  2.004003e-001  4.391894e-001  1.149393e+000  -0.000000e+000  
-0.000000e+000  -0.000000e+000  -0.000000e+000  -0.000000e+000  -0.000000e+000  -0.000000e+000  -0.000000e+000  -0.000000e+000  -0.000000e+000  -0.000000e+000  -0.000000e+000  -0.000000e+000  -0.000000e+000  -0.000000e+000  -0.000000e+000  -0.000000e+000  -0.000000e+000  -0.000000e+000  -0.000000e+000  

-0.000000e+000  3.001258e+002  5.967593e+002  8.864491e+002  1.380278e+003  1.858853e+003  2.255035e+003  2.551263e+003  2.734406e+003  2.796346e+003  2.734337e+003  2.551127e+003  2.254832e+003  1.858578e+003  1.379909e+003  8.859199e+002  5.960223e+002  2.989438e+002  -0.000000e+000  
-0.000000e+000  3.001258e+002  5.967593e+002  8.864491e+002  1.380278e+003  1.858853e+003  2.255035e+003  2.551263e+003  2.734406e+003  2.796346e+003  2.734338e+003  2.551128e+003  2.254835e+003  1.858587e+003  1.379934e+003  8.860055e+002  5.962542e+002  2.996335e+002  -0.000000e+000  
-0.000000e+000  3.001258e+002  5.967593e+002  8.864492e+002  1.380278e+003  1.858853e+003  2.255035e+003  2.551263e+003  2.734406e+003  2.796347e+003  2.734339e+003  2.551131e+003  2.254841e+003  1.858601e+003  1.379970e+003  8.861002e+002  5.964216e+002  2.998763e+002  -0.000000e+000  
-0.000000e+000  3.001257e+002  5.967593e+002  8.864491e+002  1.380278e+003  1.858853e+003  2.255035e+003  2.551263e+003  2.734406e+003  2.796347e+003  2.734341e+003  2.551135e+003  2.254851e+003  1.858623e+003  1.380019e+003  8.861999e+002  5.965521e+002  3.000005e+002  -0.000000e+000  
-0.000000e+000  3.001258e+002  5.967593e+002  8.864492e+002  1.380278e+003  1.858853e+003  2.255035e+003  2.551263e+003  2.734407e+003  2.796349e+003  2.734343e+003  2.551140e+003  2.254862e+003  1.858646e+003  1.380064e+003  8.862691e+002  5.966228e+002  3.000509e+002  -0.000000e+000  
-0.000000e+000  3.001258e+002  5.967594e+002  8.864492e+002  1.380278e+003  1.858853e+003  2.255035e+003  2.551263e+003  2.734407e+003  2.796349e+003  2.734344e+003  2.551143e+003  2.254867e+003  1.858656e+003  1.380080e+003  8.862902e+002  5.966422e+002  3.000632e+002  -0.000000e+000  
-0.000000e+000  3.001258e+002  5.967593e+002  8.864492e+002  1.380278e+003  1.858853e+003  2.255035e+003  2.551263e+003  2.734407e+003  2.796349e+003  2.734343e+003  2.551140e+003  2.254862e+003  1.858646e+003  1.380064e+003  8.862691e+002  5.966228e+002  3.000509e+002  -0.000000e+000  
-0.000000e+000  3.001257e+002  5.967593e+002  8.864491e+002  1.380278e+003  1.858853e+003  2.255035e+003  2.551263e+003  2.734406e+003  2.796347e+003  2.734341e+003  2.551135e+003  2.254851e+003  1.858623e+003  1.380019e+003  8.861999e+002  5.965521e+002  3.000005e+002  -0.000000e+000  
-0.000000e+000  3.001258e+002  5.967593e+002  8.864492e+002  1.380278e+003  1.858853e+003  2.255035e+003  2.551263e+003  2.734406e+003  2.796347e+003  2.734339e+003  2.551131e+003  2.254841e+003  1.858601e+003  1.379970e+003  8.861002e+002  5.964216e+002  2.998763e+002  -0.000000e+000  
-0.000000e+000  3.001258e+002  5.967593e+002  8.864491e+002  1.380278e+003  1.858853e+003  2.255035e+003  2.551263e+003  2.734406e+003  2.796346e+003  2.734338e+003  2.551128e+003  2.254835e+003  1.858587e+003  1.379934e+003  8.860055e+002  5.962542e+002  2.996335e+002  -0.000000e+000  
-0.000000e+000  3.001258e+002  5.967593e+002  8.864491e+002  1.380278e+003  1.858853e+003  2.255035e+003  2.551263e+003  2.734406e+003  2.796346e+003  2.734337e+003  2.551127e+003  2.254832e+003  1.858578e+003  1.379909e+003  8.859199e+002  5.960223e+002  2.989438e+002  -0.000000e+000  
-0.000000e+000  -0.000000e+000  -0.000000e+000  -0.000000e+000  -0.000000e+000  -0.000000e+000  -0.000000e+000  -0.000000e+000  -0.000000e+000  -0.000000e+000  -0.000000e+000  -0.000000e+000  -0.000000e+000  -0.000000e+000  -0.000000e+000  -0.000000e+000  -0.000000e+000  -0.000000e+000  -0.000000e+000  

0.000000e+000  0.000000e+000  0.000000e+000  0.000000e+000  0.000000e+000  0.000000e+000  0.000000e+000  0.000000e+000  0.000000e+000  0.000000e+000  0.000000e+000  0.000000e+000  0.000000e+000  0.000000e+000  0.000000e+000  0.000000e+000  0.000000e+000  0.000000e+000  0.000000e+000  
0.000000e+000  0.000000e+000  0.000000e+000  0.000000e+000  0.000000e+000  0.000000e+000  0.000000e+000  0.000000e+000  0.000000e+000  0.000000e+000  0.000000e+000  0.000000e+000  0.000000e+000  0.000000e+000  0.000000e+000  0.000000e+000  0.000000e+000  0.000000e+000  0.000000e+000  
0.000000e+000  0.000000e+000  0.000000e+000  0.000000e+000  0.000000e+000  0.000000e+000  0.000000e+000  0.000000e+000  0.000000e+000  0.000000e+000  0.000000e+000  0.000000e+000  0.000000e+000  0.000000e+000  0.000000e+000  0.000000e+000  0.000000e+000  0.000000e+000  0.000000e+000  
0.000000e+000  0.000000e+000  0.000000e+000  0.000000e+000  0.000000e+000  0.000000e+000  0.000000e+000  0.000000e+000  0.000000e+000  0.000000e+000  0.000000e+000  0.000000e+000  0.000000e+000  0.000000e+000  0.000000e+000  0.000000e+000  0.000000e+000  0.000000e+000  0.000000e+000  
0.000000e+000  0.000000e+000  0.000000e+000  0.000000e+000  0.000000e+000  0.000000e+000  0.000000e+000  0.000000e+000  0.000000e+000  0.000000e+000  0.000000e+000  0.000000e+000  0.000000e+000  0.000000e+000  0.000000e+000  0.000000e+000  0.000000e+000  0.000000e+000  0.000000e+000  
0.000000e+000  0.000000e+000  0.000000e+000  0.000000e+000  0.000000e+000  0.000000e+000  0.000000e+000  0.000000e+000  0.000000e+000  0.000000e+000  0.000000e+000  0.000000e+000  0.000000e+000  0.000000e+000  0.000000e+000  0.000000e+000  0.000000e+000  0.000000e+000  0.000000e+000  
0.000000e+000  0.000000e+000  0.000000e+000  0.000000e+000  0.000000e+000  0.000000e+000  0.000000e+000  0.000000e+000  0.000000e+000  0.000000e+000  0.000000e+000  0.000000e+000  0.000000e+000  0.000000e+000  0.000000e+000  0.000000e+000  0.000000e+000  0.000000e+000  0.000000e+000  
0.000000e+000  0.000000e+000  0.000000e+000  0.000000e+000  0.000000e+000  0.000000e+000  0.000000e+000  0.000000e+000  0.000000e+000  0.000000e+000  0.000000e+000  0.000000e+000  0.000000e+000  0.000000e+000  0.000000e+000  0.000000e+000  0.000000e+000  0.000000e+000  0.000000e+000  
0.000000e+000  0.000000e+000  0.000000e+000  0.000000e+000  0.000000e+000  0.000000e+000  0.000000e+000  0.000000e+000  0.000000e+000  0.000000e+000  0.000000e+000  0.000000e+000  0.000000e+000  0.000000e+000  0.000000e+000  0.000000e+000  0.000000e+000  0.000000e+000  0.000000e+000  
0.000000e+000  0.000000e+000  0.000000e+000  0.000000e+000  0.000000e+000  0.000000e+000  0.000000e+000  0.000000e+000  0.000000e+000  0.000000e+000  0.000000e+000  0.000000e+000  0.000000e+000  0.000000e+000  0.000000e+000  0.000000e+000  0.000000e+000  0.000000e+000  0.000000e+000  
0.000000e+000  0.000000e+000  0.000000e+000  0.000000e+000  0.000000e+000  0.000000e+000  0.000000e+000  0.000000e+000  0.000000e+000  0.000000e+000  0.000000e+000  0.000000e+000  0.000000e+000  0.000000e+000  0.000000e+000  0.000000e+000  0.000000e+000  0.000000e+000  0.000000e+000  
0.000000e+000  0.000000e+000  0.000000e+000  0.000000e+000  0.000000e+000  0.000000e+000  0.000000e+000  0.000000e+000  0.000000e+000  0.000000e+000  0.000000e+000  0.000000e+000  0.000000e+000  0.000000e+000  0.000000e+000  0.000000e+000  0.000000e+000  0.000000e+000  0.000000e+000  

0.000000e+000  0.000000e+000  0.000000e+000  0.000000e+000  0.000000e+000  0.000000e+000  0.000000e+000  0.000000e+000  0.000000e+000  0.000000e+000  0.000000e+000  0.000000e+000  0.000000e+000  0.000000e+000  0.000000e+000  0.000000e+000  0.000000e+000  0.000000e+000  0.000000e+000  
0.000000e+000  0.000000e+000  0.000000e+000  0.000000e+000  0.000000e+000  0.000000e+000  0.000000e+000  0.000000e+000  0.000000e+000  0.000000e+000  0.000000e+000  0.000000e+000  0.000000e+000  0.000000e+000  0.000000e+000  0.000000e+000  0.000000e+000  0.000000e+000  0.000000e+000  
0.000000e+000  0.000000e+000  0.000000e+000  0.000000e+000  0.000000e+000  0.000000e+000  0.000000e+000  0.000000e+000  0.000000e+000  0.000000e+000  0.000000e+000  0.000000e+000  0.000000e+000  0.000000e+000  0.000000e+000  0.000000e+000  0.000000e+000  0.000000e+000  0.000000e+000  
0.000000e+000  0.000000e+000  0.000000e+000  0.000000e+000  0.000000e+000  0.000000e+000  0.000000e+000  0.000000e+000  0.000000e+000  0.000000e+000  0.000000e+000  0.000000e+000  0.000000e+000  0.000000e+000  0.000000e+000  0.000000e+000  0.000000e+000  0.000000e+000  0.000000e+000  
0.000000e+000  0.000000e+000  0.000000e+000  0.000000e+000  0.000000e+000  0.000000e+000  0.000000e+000  0.000000e+000  0.000000e+000  0.000000e+000  0.000000e+000  0.000000e+000  0.000000e+000  0.000000e+000  0.000000e+000  0.000000e+000  0.000000e+000  0.000000e+000  0.000000e+000  
0.000000e+000  0.000000e+000  0.000000e+000  0.000000e+000  0.000000e+000  0.000000e+000  0.000000e+000  0.000000e+000  0.000000e+000  0.000000e+000  0.000000e+000  0.000000e+000  0.000000e+000  0.000000e+000  0.000000e+000  0.000000e+000  0.000000e+000  0.000000e+000  0.000000e+000  
0.000000e+000  0.000000e+000  0.000000e+000  0.000000e+000  0.000000e+000  0.000000e+000  0.000000e+000  0.000000e+000  0.000000e+000  0.000000e+000  0.000000e+000  0.000000e+000  0.000000e+000  0.000000e+000  0.000000e+000  0.000000e+000  0.000000e+000  0.000000e+000  0.000000e+000  
0.000000e+000  0.000000e+000  0.000000e+000  0.000000e+000  0.000000e+000  0.000000e+000  0.000000e+000  0.000000e+000  0.000000e+000  0.000000e+000  0.000000e+000  0.000000e+000  0.000000e+000  0.000000e+000  0.000000e+000  0.000000e+000  0.000000e+000  0.000000e+000  0.000000e+000  
0.000000e+000  0.000000e+000  0.000000e+000  0.000000e+000  0.000000e+000  0.000000e+000  0.000000e+000  0.000000e+000  0.000000e+000  0.000000e+000  0.000000e+000  0.000000e+000  0.000000e+000  0.000000e+000  0.000000e+000  0.000000e+000  0.000000e+000  0.000000e+000  0.000000e+000  
0.000000e+000  0.000000e+000  0.000000e+000  0.000000e+000  0.000000e+000  0.000000e+000  0.000000e+000  0.000000e+000  0.000000e+000  0.000000e+000  0.000000e+000  0.000000e+000  0.000000e+000  0.000000e+000  0.000000e+000  0.000000e+000  0.000000e+000  0.000000e+000  0.000000e+000  
0.000000e+000  0.000000e+000  0.000000e+000  0.000000e+000  0.000000e+000  0.000000e+000  0.000000e+000  0.000000e+000  0.000000e+000  0.000000e+000  0.000000e+000  0.000000e+000  0.000000e+000  0.000000e+000  0.000000e+000  0.000000e+000  0.000000e+000  0.000000e+000  0.000000e+000  
0.000000e+000  0.000000e+000  0.000000e+000  0.000000e+000  0.000000e+000  0.000000e+000  0.000000e+000  0.000000e+000  0.000000e+000  0.000000e+000  0.000000e+000  0.000000e+000  0.000000e+000  0.000000e+000  0.000000e+000  0.000000e+000  0.000000e+000  0.000000e+000  0.000000e+000  

0.000000e+000  0.000000e+000  0.000000e+000  0.000000e+000  0.000000e+000  0.000000e+000  0.000000e+000  0.000000e+000  0.000000e+000  0.000000e+000  0.000000e+000  0.000000e+000  0.000000e+000  0.000000e+000  0.000000e+000  0.000000e+000  0.000000e+000  0.000000e+000  0.000000e+000  
0.000000e+000  0.000000e+000  0.000000e+000  0.000000e+000  0.000000e+000  0.000000e+000  0.000000e+000  0.000000e+000  0.000000e+000  0.000000e+000  0.000000e+000  0.000000e+000  0.000000e+000  0.000000e+000  0.000000e+000  0.000000e+000  0.000000e+000  0.000000e+000  0.000000e+000  
0.000000e+000  0.000000e+000  0.000000e+000  0.000000e+000  0.000000e+000  0.000000e+000  0.000000e+000  0.000000e+000  0.000000e+000  0.000000e+000  0.000000e+000  0.000000e+000  0.000000e+000  0.000000e+000  0.000000e+000  0.000000e+000  0.000000e+000  0.000000e+000  0.000000e+000  
0.000000e+000  0.000000e+000  0.000000e+000  0.000000e+000  0.000000e+000  0.000000e+000  0.000000e+000  0.000000e+000  0.000000e+000  0.000000e+000  0.000000e+000  0.000000e+000  0.000000e+000  0.000000e+000  0.000000e+000  0.000000e+000  0.000000e+000  0.000000e+000  0.000000e+000  
0.000000e+000  0.000000e+000  0.000000e+000  0.000000e+000  0.000000e+000  0.000000e+000  0.000000e+000  0.000000e+000  0.000000e+000  0.000000e+000  0.000000e+000  0.000000e+000  0.000000e+000  0.000000e+000  0.000000e+000  0.000000e+000  0.000000e+000  0.000000e+000  0.000000e+000  
0.000000e+000  0.000000e+000  0.000000e+000  0.000000e+000  0.000000e+000  0.000000e+000  0.000000e+000  0.000000e+000  0.000000e+000  0.000000e+000  0.000000e+000  0.000000e+000  0.000000e+000  0.000000e+000  0.000000e+000  0.000000e+000  0.000000e+000  0.000000e+000  0.000000e+000  
0.000000e+000  0.000000e+000  0.000000e+000  0.000000e+000  0.000000e+000  0.000000e+000  0.000000e+000  0.000000e+000  0.000000e+000  0.000000e+000  0.000000e+000  0.000000e+000  0.000000e+000  0.000000e+000  0.000000e+000  0.000000e+000  0.000000e+000  0.000000e+000  0.000000e+000  
0.000000e+000  0.000000e+000  0.000000e+000  0.000000e+000  0.000000e+000  0.000000e+000  0.000000e+000  0.000000e+000  0.000000e+000  0.000000e+000  0.000000e+000  0.000000e+000  0.000000e+000  0.000000e+000  0.000000e+000  0.000000e+000  0.000000e+000  0.000000e+000  0.000000e+000  
0.000000e+000  0.000000e+000  0.000000e+000  0.000000e+000  0.000000e+000  0.000000e+000  0.000000e+000  0.000000e+000  0.000000e+000  0.000000e+000  0.000000e+000  0.000000e+000  0.000000e+000  0.000000e+000  0.000000e+000  0.000000e+000  0.000000e+000  0.000000e+000  0.000000e+000  
0.000000e+000  0.000000e+000  0.000000e+000  0.000000e+000  0.000000e+000  0.000000e+000  0.000000e+000  0.000000e+000  0.000000e+000  0.000000e+000  0.000000e+000  0.000000e+000  0.000000e+000  0.000000e+000  0.000000e+000  0.000000e+000  0.000000e+000  0.000000e+000  0.000000e+000  
0.000000e+000  0.000000e+000  0.000000e+000  0.000000e+000  0.000000e+000  0.000000e+000  0.000000e+000  0.000000e+000  0.000000e+000  0.000000e+000  0.000000e+000  0.000000e+000  0.000000e+000  0.000000e+000  0.000000e+000  0.000000e+000  0.000000e+000  0.000000e+000  0.000000e+000  
0.000000e+000  0.000000e+000  0.000000e+000  0.000000e+000  0.000000e+000  0.000000e+000  0.000000e+000  0.000000e+000  0.000000e+000  0.000000e+000  0.000000e+000  0.000000e+000  0.000000e+000  0.000000e+000  0.000000e+000  0.000000e+000  0.000000e+000  0.000000e+000  0.000000e+000  

-0.000000e+000  -0.000000e+000  -0.000000e+000  -0.000000e+000  -0.000000e+000  -0.000000e+000  -0.000000e+000  -0.000000e+000  -0.000000e+000  -0.000000e+000  -0.000000e+000  -0.000000e+000  -0.000000e+000  -0.000000e+000  -0.000000e+000  -0.000000e+000  -0.000000e+000  -0.000000e+000  -0.000000e+000  
-0.000000e+000  8.944773e-008  -1.930075e-006  -2.209633e-006  -3.596374e-006  -4.757721e-006  -5.363143e-006  -6.373737e-006  -6.692004e-006  -6.857856e-006  -6.616271e-006  -6.410135e-006  -4.964440e-006  -4.707236e-006  -3.699014e-006  -2.513798e-006  -8.894967e-007  -1.632393e-007  -0.000000e+000  
-0.000000e+000  -2.065406e-006  -1.763810e-006  -4.466879e-006  -7.721896e-006  -9.016395e-006  -1.098078e-005  -1.233028e-005  -1.333415e-005  -1.374192e-005  -1.338364e-005  -1.213572e-005  -1.119467e-005  -8.931808e-006  -7.862503e-006  -4.237034e-006  -2.861481e-006  -1.341715e-006  -0.000000e+000  
-0.000000e+000  -1.109609e-006  -3.578937e-006  -6.850987e-006  -1.196115e-005  -1.318807e-005  -1.622081e-005  -1.853920e-005  -1.976725e-005  -2.036470e-005  -1.978096e-005  -1.855209e-005  -1.629233e-005  -1.353492e-005  -1.171443e-005  -7.441689e-006  -3.291989e-006  -1.565025e-006  -0.000000e+000  
-0.000000e+000  -3.291905e-006  -6.449256e-006  -1.061649e-005  -2.364513e-005  -3.691662e-005  -4.632753e-005  -5.284658e-005  -5.687742e-005  -5.829485e-005  -5.669706e-005  -5.291035e-005  -4.668343e-005  -3.715655e-005  -2.374337e-005  -1.086329e-005  -6.440595e-006  -2.935562e-006  -0.000000e+000  
-0.000000e+000  -1.050182e-006  -2.457218e-006  -4.264190e-006  -8.111474e-006  -1.214724e-005  -1.515461e-005  -1.780915e-005  -1.909599e-005  -1.940634e-005  -1.887848e-005  -1.769720e-005  -1.553517e-005  -1.237930e-005  -7.891508e-006  -4.047758e-006  -2.279378e-006  -1.127773e-006  -0.000000e+000  
-0.000000e+000  1.170838e-006  2.497916e-006  4.022997e-006  7.920829e-006  1.232253e-005  1.533979e-005  1.760204e-005  1.876682e-005  1.911526e-005  1.900159e-005  1.762628e-005  1.530685e-005  1.239049e-005  8.050484e-006  4.621076e-006  2.475579e-006  7.568060e-007  -0.000000e+000  
-0.000000e+000  2.720635e-006  6.478347e-006  1.114286e-005  2.370250e-005  3.735429e-005  4.676901e-005  5.296017e-005  5.679605e-005  5.820498e-005  5.686906e-005  5.306296e-005  4.662256e-005  3.765813e-005  2.374296e-005  1.118425e-005  6.844021e-006  2.926283e-006  -0.000000e+000  
-0.000000e+000  1.463800e-006  3.041481e-006  7.039142e-006  1.182728e-005  1.357695e-005  1.612155e-005  1.824330e-005  1.970940e-005  2.028837e-005  1.979566e-005  1.835324e-005  1.632010e-005  1.343260e-005  1.222757e-005  7.524757e-006  3.278736e-006  2.121088e-006  -0.000000e+000  
-0.000000e+000  1.370178e-006  2.861627e-006  4.055191e-006  7.848606e-006  8.863237e-006  1.079295e-005  1.216323e-005  1.318678e-005  1.350321e-005  1.295336e-005  1.236019e-005  1.073348e-005  9.070146e-006  7.950502e-006  4.455803e-006  3.430313e-006  4.975300e-007  -0.000000e+000  
-0.000000e+000  5.055754e-007  1.376923e-006  2.281176e-006  3.733340e-006  4.489866e-006  5.325780e-006  6.196239e-006  6.742158e-006  6.390714e-006  6.745815e-006  5.994818e-006  5.479530e-006  4.753751e-006  3.794766e-006  2.303804e-006  1.128615e-006  1.010423e-006  -0.000000e+000  
-0.000000e+000  -0.000000e+000  -0.000000e+000  -0.000000e+000  -0.000000e+000  -0.000000e+000  -0.000000e+000  -0.000000e+000  -0.000000e+000  -0.000000e+000  -0.000000e+000  -0.000000e+000  -0.000000e+000  -0.000000e+000  -0.000000e+000  -0.000000e+000  -0.000000e+000  -0.000000e+000  -0.000000e+000  

